5, 0.00451970100403, 2.015863583;
5, 0.00354361534119, 3.026933679;
5, 0.00971531867981, 3.248055991;
5, 0.00784516334534, 2.028069589;
5, 0.00917172431946, 1.681414067;
6, 0.00523972511292, 1.441993988;
6, 0.00394010543823, 2.134304026;
6, 0.00682973861694, 4.02327356;
6, 0.0103528499603, 2.396068118;
6, 0.0111908912659, 3.174667954;
7, 0.0214037895203, 4.528072065;
7, 0.0201072692871, 3.38555096;
7, 0.0143558979034, 3.061812972;
7, 0.0147280693054, 3.559263148;
7, 0.0216000080109, 2.260806109;
8, 0.0437452793121, 3.819670385;
8, 0.0754196643829, 2.844143114;
8, 0.0219731330872, 3.209370122;
8, 0.031632900238, 2.481375182;
8, 0.0397837162018, 4.028883158;
9, 0.0475206375122, 2.929943117;
9, 0.0496723651886, 3.01182393;
9, 0.283931255341, 3.580509301;
9, 0.196968317032, 4.565173587;
9, 0.0488178730011, 2.377772966;
10, 0.133227348328, 3.000239998;
10, 0.212558984756, 3.665454035;
10, 0.199566602707, 2.124817426;
10, 0.876796483994, 3.66257519;
10, 1.90355682373, 4.51384874;
